<?xml version="1.0" encoding="UTF-8"?>
<!-- Generated by org.testng.reporters.JUnitReportReporter -->
<testsuite hostname="DESKTOP-I5NI92G" failures="0" tests="1" name="MamathaSamala.ExtentReports.ExtentReportTest" time="18.031" errors="0" timestamp="2023-02-12T18:23:49 IST" skipped="0">
  <testcase classname="MamathaSamala.ExtentReports.ExtentReportTest" name="getTheTitle" time="18.031"/>
  <system-out/>
</testsuite> <!-- MamathaSamala.ExtentReports.ExtentReportTest -->
